<?xml version="1.0" encoding="UTF-8"?>
<!-- Generated by org.testng.reporters.JUnitXMLReporter -->
<testsuite ignored="0" hostname="DESKTOP-SV5FU2G" failures="0" tests="3" name="Test" time="85.748" errors="0" timestamp="2022-12-14T21:57:45 IST">
  <testcase classname="Tsetng.ParallelExecution" name="launchGoogle" time="16.588"/>
  <testcase classname="Tsetng.ParallelExecution" name="launchGuru" time="27.939"/>
  <testcase classname="Tsetng.ParallelExecution" name="launchAmazon" time="46.371"/>
</testsuite> <!-- Test -->
