<?xml version="1.0" encoding="UTF-8"?>
<testng-results ignored="0" total="1" passed="1" failed="0" skipped="0">
  <reporter-output>
    <line>
      <![CDATA[Verification done]]>
    </line>
  </reporter-output>
  <suite started-at="2022-12-17T19:25:55 IST" name="Default suite" finished-at="2022-12-17T19:26:46 IST" duration-ms="51089">
    <groups>
    </groups>
    <test started-at="2022-12-17T19:25:55 IST" name="Default test" finished-at="2022-12-17T19:26:46 IST" duration-ms="51089">
      <class name="com.param.testcases.GoogleSearchTestNG">
        <test-method is-config="true" signature="setup()[pri:0, instance:com.param.testcases.GoogleSearchTestNG@1cbbffcd]" started-at="2022-12-17T19:25:55 IST" name="setup" finished-at="2022-12-17T19:26:14 IST" duration-ms="19029" status="PASS">
          <reporter-output>
          </reporter-output>
        </test-method> <!-- setup -->
        <test-method signature="googleSearch()[pri:0, instance:com.param.testcases.GoogleSearchTestNG@1cbbffcd]" started-at="2022-12-17T19:26:14 IST" name="googleSearch" finished-at="2022-12-17T19:26:46 IST" duration-ms="32026" status="PASS">
          <reporter-output>
            <line>
              <![CDATA[Verification done]]>
            </line>
          </reporter-output>
        </test-method> <!-- googleSearch -->
        <test-method is-config="true" signature="teardown()[pri:0, instance:com.param.testcases.GoogleSearchTestNG@1cbbffcd]" started-at="2022-12-17T19:26:46 IST" name="teardown" finished-at="2022-12-17T19:26:46 IST" duration-ms="0" status="PASS">
          <reporter-output>
          </reporter-output>
        </test-method> <!-- teardown -->
      </class> <!-- com.param.testcases.GoogleSearchTestNG -->
    </test> <!-- Default test -->
  </suite> <!-- Default suite -->
</testng-results>
